d:\appa\systemc stuff\cudathirdtry\x64\debug\vc143.pdb
d:\appa\systemc stuff\cudathirdtry\x64\debug\vc143.idb
d:\appa\systemc stuff\cudathirdtry\x64\debug\convlayer.obj
d:\appa\systemc stuff\cudathirdtry\x64\debug\main.cu.obj
d:\appa\systemc stuff\cudathirdtry\x64\debug\kernel.cu.obj
d:\appa\systemc stuff\cudathirdtry\x64\debug\linearlayer.cu.obj
d:\appa\systemc stuff\cudathirdtry\x64\debug\mseloss.cu.obj
d:\appa\systemc stuff\cudathirdtry\x64\debug\cudathirdtry.lib
d:\appa\systemc stuff\cudathirdtry\x64\debug\cudathirdtry.exp
d:\appa\systemc stuff\cudathirdtry\x64\debug\cudathirdtry.exe
d:\appa\systemc stuff\cudathirdtry\x64\debug\cudathirdtry.ilk
d:\appa\systemc stuff\cudathirdtry\x64\debug\cudathirdtry.pdb
d:\appa\systemc stuff\cudathirdtry\x64\debug\kernel.cu.cache
d:\appa\systemc stuff\cudathirdtry\x64\debug\linearlayer.cu.cache
d:\appa\systemc stuff\cudathirdtry\x64\debug\main.cu.cache
d:\appa\systemc stuff\cudathirdtry\x64\debug\mseloss.cu.cache
d:\appa\systemc stuff\cudathirdtry\x64\debug\cudathirdtry.tlog\cl.command.1.tlog
d:\appa\systemc stuff\cudathirdtry\x64\debug\cudathirdtry.tlog\cl.items.tlog
d:\appa\systemc stuff\cudathirdtry\x64\debug\cudathirdtry.tlog\cl.read.1.tlog
d:\appa\systemc stuff\cudathirdtry\x64\debug\cudathirdtry.tlog\cl.write.1.tlog
d:\appa\systemc stuff\cudathirdtry\x64\debug\cudathirdtry.tlog\cudacompile.read.1u.tlog
d:\appa\systemc stuff\cudathirdtry\x64\debug\cudathirdtry.tlog\cudacompile.write.1u.tlog
d:\appa\systemc stuff\cudathirdtry\x64\debug\cudathirdtry.tlog\link.13176-cvtres.read.1.tlog
d:\appa\systemc stuff\cudathirdtry\x64\debug\cudathirdtry.tlog\link.13176-cvtres.write.1.tlog
d:\appa\systemc stuff\cudathirdtry\x64\debug\cudathirdtry.tlog\link.13176-rc.read.1.tlog
d:\appa\systemc stuff\cudathirdtry\x64\debug\cudathirdtry.tlog\link.13176-rc.write.1.tlog
d:\appa\systemc stuff\cudathirdtry\x64\debug\cudathirdtry.tlog\link.13176.read.1.tlog
d:\appa\systemc stuff\cudathirdtry\x64\debug\cudathirdtry.tlog\link.13176.read.2.tlog
d:\appa\systemc stuff\cudathirdtry\x64\debug\cudathirdtry.tlog\link.13176.write.1.tlog
d:\appa\systemc stuff\cudathirdtry\x64\debug\cudathirdtry.tlog\link.command.1.tlog
d:\appa\systemc stuff\cudathirdtry\x64\debug\cudathirdtry.tlog\link.read.1.tlog
d:\appa\systemc stuff\cudathirdtry\x64\debug\cudathirdtry.tlog\link.write.1.tlog
d:\appa\systemc stuff\cudathirdtry\x64\debug\cudathirdtry.tlog\link.write.2u.tlog
