  Compiling CUDA source file LinearLayer.cu...
  
  D:\Appa\SystemC stuff\cudathirdtry>"C:\Program Files\NVIDIA GPU Computing Toolkit\CUDA\v12.8\bin\nvcc.exe" -gencode=arch=compute_52,code=\"sm_52,compute_52\" --use-local-env -ccbin "C:\Program Files\Microsoft Visual Studio\2022\Community\VC\Tools\MSVC\14.38.33130\bin\HostX64\x64" -x cu   -I"C:\Program Files\NVIDIA GPU Computing Toolkit\CUDA\v12.8\include" -I"C:\Program Files\NVIDIA GPU Computing Toolkit\CUDA\v12.8\include"  -G   --keep-dir x64\Debug  -maxrregcount=0    --machine 64 --compile -cudart static  -g  -DWIN32 -DWIN64 -D_DEBUG -D_CONSOLE -D_MBCS -Xcompiler "/EHsc /W3 /nologo /Od /FS /Zi /RTC1 /MDd " -Xcompiler "/Fdx64\Debug\vc143.pdb" -o "D:\Appa\SystemC stuff\cudathirdtry\x64\Debug\LinearLayer.cu.obj" "D:\Appa\SystemC stuff\cudathirdtry\LinearLayer.cu" 
D:\Appa\SystemC stuff\cudathirdtry\Utils.cuh(1): warning #161-D: unrecognized #pragma
    #pragma 
            ^
  
  Remark: The warnings can be suppressed with "-diag-suppress <warning-number>"
  
D:\Appa\SystemC stuff\cudathirdtry\Utils.cuh(1): warning #161-D: unrecognized #pragma
    #pragma 
            ^
  
  Remark: The warnings can be suppressed with "-diag-suppress <warning-number>"
  
D:\Appa\SystemC stuff\cudathirdtry\LinearLayer.cu(143): warning #177-D: variable "beta" was declared but never referenced
        const float beta = 0.0f;
                    ^
  
D:\Appa\SystemC stuff\cudathirdtry\LinearLayer.cu(188): warning #177-D: variable "alpha" was declared but never referenced
        const float alpha = 1.0f;
                    ^
  
D:\Appa\SystemC stuff\cudathirdtry\LinearLayer.cu(189): warning #177-D: variable "beta" was declared but never referenced
        const float beta = 0.0f;
                    ^
  
CUDACOMPILE : nvcc warning : Support for offline compilation for architectures prior to '<compute/sm/lto>_75' will be removed in a future release (Use -Wno-deprecated-gpu-targets to suppress warning).
  LinearLayer.cu
  tmpxft_00005be0_00000000-7_LinearLayer.cudafe1.cpp
  cudathirdtry.vcxproj -> D:\Appa\SystemC stuff\cudathirdtry\x64\Debug\cudathirdtry.exe
